<?xml version="1.0" encoding="UTF-8"?>
<!-- Generated by org.testng.reporters.JUnitXMLReporter -->
<testsuite ignored="0" hostname="LAPTOP-P4P2FF7C" failures="1" tests="44" name="Test" time="54.544" errors="0" timestamp="2022-07-14T17:23:08 IST">
  <testcase classname="genrericUtilty.BaseClss" name="@BeforeMethod configBrowser" time="8.159">
    <failure type="org.openqa.selenium.WebDriverException" message="unknown error: cannot determine loading status
from unknown error: unexpected command response
  (Session info: chrome=103.0.5060.114)
Build info: version: &amp;apos;3.141.59&amp;apos;, revision: &amp;apos;e82be7d358&amp;apos;, time: &amp;apos;2018-11-14T08:17:03&amp;apos;
System info: host: &amp;apos;LAPTOP-P4P2FF7C&amp;apos;, ip: &amp;apos;192.168.25.162&amp;apos;, os.name: &amp;apos;Windows 11&amp;apos;, os.arch: &amp;apos;amd64&amp;apos;, os.version: &amp;apos;10.0&amp;apos;, java.version: &amp;apos;17.0.2&amp;apos;
Driver info: org.openqa.selenium.chrome.ChromeDriver
Capabilities {acceptInsecureCerts: false, browserName: chrome, browserVersion: 103.0.5060.114, chrome: {chromedriverVersion: 103.0.5060.53 (a1711811edd7..., userDataDir: C:\Users\shubh\AppData\Loca...}, goog:chromeOptions: {debuggerAddress: localhost:50408}, javascriptEnabled: true, networkConnectionEnabled: false, pageLoadStrategy: normal, platform: WINDOWS, platformName: WINDOWS, proxy: Proxy(), setWindowRect: true, strictFileInteractability: false, timeouts: {implicit: 0, pageLoad: 300000, script: 30000}, unhandledPromptBehavior: dismiss and notify, webauthn:extension:credBlob: true, webauthn:extension:largeBlob: true, webauthn:virtualAuthenticators: true}
Session ID: 9db156760f56594d0ad3bda46fa11fe9
*** Element info: {Using=xpath, value=//button[@class=&amp;apos;No thanks&amp;apos;]}">
      <![CDATA[org.openqa.selenium.WebDriverException: unknown error: cannot determine loading status
from unknown error: unexpected command response
  (Session info: chrome=103.0.5060.114)
Build info: version: '3.141.59', revision: 'e82be7d358', time: '2018-11-14T08:17:03'
System info: host: 'LAPTOP-P4P2FF7C', ip: '192.168.25.162', os.name: 'Windows 11', os.arch: 'amd64', os.version: '10.0', java.version: '17.0.2'
Driver info: org.openqa.selenium.chrome.ChromeDriver
Capabilities {acceptInsecureCerts: false, browserName: chrome, browserVersion: 103.0.5060.114, chrome: {chromedriverVersion: 103.0.5060.53 (a1711811edd7..., userDataDir: C:\Users\shubh\AppData\Loca...}, goog:chromeOptions: {debuggerAddress: localhost:50408}, javascriptEnabled: true, networkConnectionEnabled: false, pageLoadStrategy: normal, platform: WINDOWS, platformName: WINDOWS, proxy: Proxy(), setWindowRect: true, strictFileInteractability: false, timeouts: {implicit: 0, pageLoad: 300000, script: 30000}, unhandledPromptBehavior: dismiss and notify, webauthn:extension:credBlob: true, webauthn:extension:largeBlob: true, webauthn:virtualAuthenticators: true}
Session ID: 9db156760f56594d0ad3bda46fa11fe9
*** Element info: {Using=xpath, value=//button[@class='No thanks']}
at org.openqa.selenium.remote.http.W3CHttpResponseCodec.createException(W3CHttpResponseCodec.java:187)
at org.openqa.selenium.remote.http.W3CHttpResponseCodec.decode(W3CHttpResponseCodec.java:122)
at org.openqa.selenium.remote.http.W3CHttpResponseCodec.decode(W3CHttpResponseCodec.java:49)
at org.openqa.selenium.remote.HttpCommandExecutor.execute(HttpCommandExecutor.java:158)
at org.openqa.selenium.remote.service.DriverCommandExecutor.execute(DriverCommandExecutor.java:83)
at org.openqa.selenium.remote.RemoteWebDriver.execute(RemoteWebDriver.java:552)
at org.openqa.selenium.remote.RemoteWebDriver.findElement(RemoteWebDriver.java:323)
at org.openqa.selenium.remote.RemoteWebDriver.findElementByXPath(RemoteWebDriver.java:428)
at org.openqa.selenium.By$ByXPath.findElement(By.java:353)
at org.openqa.selenium.remote.RemoteWebDriver.findElement(RemoteWebDriver.java:315)
at org.openqa.selenium.support.pagefactory.DefaultElementLocator.findElement(DefaultElementLocator.java:69)
at org.openqa.selenium.support.pagefactory.internal.LocatingElementHandler.invoke(LocatingElementHandler.java:38)
at jdk.proxy2/jdk.proxy2.$Proxy13.click(Unknown Source)
at genrericUtilty.BaseClss.configBrowser(BaseClss.java:39)
at java.base/java.util.ArrayList.forEach(ArrayList.java:1511)
... Removed 36 stack frames]]>
    </failure>
  </testcase> <!-- @BeforeMethod configBrowser -->
  <testcase classname="genrericUtilty.BaseClss" name="@AfterMethod closeBrowser" time="-1.657799584019E9">
    <skipped/>
  </testcase> <!-- @AfterMethod closeBrowser -->
  <testcase classname="genrericUtilty.BaseClss" name="@BeforeMethod configBrowser" time="-1.657799584025E9">
    <skipped/>
  </testcase> <!-- @BeforeMethod configBrowser -->
  <testcase classname="genrericUtilty.BaseClss" name="@AfterMethod closeBrowser" time="-1.657799584099E9">
    <skipped/>
  </testcase> <!-- @AfterMethod closeBrowser -->
  <testcase classname="genrericUtilty.BaseClss" name="@BeforeMethod configBrowser" time="-1.657799584113E9">
    <skipped/>
  </testcase> <!-- @BeforeMethod configBrowser -->
  <testcase classname="genrericUtilty.BaseClss" name="@AfterMethod closeBrowser" time="-1.65779958413E9">
    <skipped/>
  </testcase> <!-- @AfterMethod closeBrowser -->
  <testcase classname="genrericUtilty.BaseClss" name="@BeforeMethod configBrowser" time="-1.657799584132E9">
    <skipped/>
  </testcase> <!-- @BeforeMethod configBrowser -->
  <testcase classname="genrericUtilty.BaseClss" name="@AfterMethod closeBrowser" time="-1.657799584185E9">
    <skipped/>
  </testcase> <!-- @AfterMethod closeBrowser -->
  <testcase classname="genrericUtilty.BaseClss" name="@BeforeMethod configBrowser" time="-1.657799584199E9">
    <skipped/>
  </testcase> <!-- @BeforeMethod configBrowser -->
  <testcase classname="genrericUtilty.BaseClss" name="@AfterMethod closeBrowser" time="-1.657799584219E9">
    <skipped/>
  </testcase> <!-- @AfterMethod closeBrowser -->
  <testcase classname="genrericUtilty.BaseClss" name="@BeforeMethod configBrowser" time="-1.657799584267E9">
    <skipped/>
  </testcase> <!-- @BeforeMethod configBrowser -->
  <testcase classname="genrericUtilty.BaseClss" name="@AfterMethod closeBrowser" time="-1.657799584288E9">
    <skipped/>
  </testcase> <!-- @AfterMethod closeBrowser -->
  <testcase classname="genrericUtilty.BaseClss" name="@BeforeMethod configBrowser" time="-1.657799584297E9">
    <skipped/>
  </testcase> <!-- @BeforeMethod configBrowser -->
  <testcase classname="genrericUtilty.BaseClss" name="@AfterMethod closeBrowser" time="-1.657799584362E9">
    <skipped/>
  </testcase> <!-- @AfterMethod closeBrowser -->
  <testcase classname="genrericUtilty.BaseClss" name="@BeforeMethod configBrowser" time="-1.657799584364E9">
    <skipped/>
  </testcase> <!-- @BeforeMethod configBrowser -->
  <testcase classname="genrericUtilty.BaseClss" name="@AfterMethod closeBrowser" time="-1.65779958438E9">
    <skipped/>
  </testcase> <!-- @AfterMethod closeBrowser -->
  <testcase classname="genrericUtilty.BaseClss" name="@BeforeMethod configBrowser" time="-1.657799584383E9">
    <skipped/>
  </testcase> <!-- @BeforeMethod configBrowser -->
  <testcase classname="genrericUtilty.BaseClss" name="@AfterMethod closeBrowser" time="-1.657799584418E9">
    <skipped/>
  </testcase> <!-- @AfterMethod closeBrowser -->
  <testcase classname="genrericUtilty.BaseClss" name="@BeforeMethod configBrowser" time="-1.65779958442E9">
    <skipped/>
  </testcase> <!-- @BeforeMethod configBrowser -->
  <testcase classname="genrericUtilty.BaseClss" name="@AfterMethod closeBrowser" time="-1.657799584426E9">
    <skipped/>
  </testcase> <!-- @AfterMethod closeBrowser -->
  <testcase classname="genrericUtilty.BaseClss" name="@BeforeMethod configBrowser" time="-1.657799584428E9">
    <skipped/>
  </testcase> <!-- @BeforeMethod configBrowser -->
  <testcase classname="genrericUtilty.BaseClss" name="@AfterMethod closeBrowser" time="-1.657799584443E9">
    <skipped/>
  </testcase> <!-- @AfterMethod closeBrowser -->
  <testcase classname="genrericUtilty.BaseClss" name="@BeforeMethod configBrowser" time="-1.657799584445E9">
    <skipped/>
  </testcase> <!-- @BeforeMethod configBrowser -->
  <testcase classname="genrericUtilty.BaseClss" name="@AfterMethod closeBrowser" time="-1.657799584454E9">
    <skipped/>
  </testcase> <!-- @AfterMethod closeBrowser -->
  <testcase classname="genrericUtilty.BaseClss" name="@BeforeMethod configBrowser" time="-1.657799584455E9">
    <skipped/>
  </testcase> <!-- @BeforeMethod configBrowser -->
  <testcase classname="genrericUtilty.BaseClss" name="@AfterMethod closeBrowser" time="-1.657799584548E9">
    <skipped/>
  </testcase> <!-- @AfterMethod closeBrowser -->
  <testcase classname="genrericUtilty.BaseClss" name="@BeforeMethod configBrowser" time="-1.657799584575E9">
    <skipped/>
  </testcase> <!-- @BeforeMethod configBrowser -->
  <testcase classname="genrericUtilty.BaseClss" name="@AfterMethod closeBrowser" time="-1.65779958461E9">
    <skipped/>
  </testcase> <!-- @AfterMethod closeBrowser -->
  <testcase classname="genrericUtilty.BaseClss" name="@BeforeMethod configBrowser" time="-1.657799584644E9">
    <skipped/>
  </testcase> <!-- @BeforeMethod configBrowser -->
  <testcase classname="genrericUtilty.BaseClss" name="@AfterMethod closeBrowser" time="-1.657799584661E9">
    <skipped/>
  </testcase> <!-- @AfterMethod closeBrowser -->
  <testcase classname="genrericUtilty.BaseClss" name="@BeforeMethod configBrowser" time="-1.657799584662E9">
    <skipped/>
  </testcase> <!-- @BeforeMethod configBrowser -->
  <testcase classname="genrericUtilty.BaseClss" name="@AfterMethod closeBrowser" time="-1.657799584702E9">
    <skipped/>
  </testcase> <!-- @AfterMethod closeBrowser -->
  <testcase classname="genrericUtilty.BaseClss" name="@BeforeMethod configBrowser" time="-1.657799584726E9">
    <skipped/>
  </testcase> <!-- @BeforeMethod configBrowser -->
  <testcase classname="genrericUtilty.BaseClss" name="@AfterMethod closeBrowser" time="-1.65779958475E9">
    <skipped/>
  </testcase> <!-- @AfterMethod closeBrowser -->
  <testcase classname="genrericUtilty.BaseClss" name="@BeforeMethod configBrowser" time="-1.657799584758E9">
    <skipped/>
  </testcase> <!-- @BeforeMethod configBrowser -->
  <testcase classname="genrericUtilty.BaseClss" name="@AfterMethod closeBrowser" time="-1.657799584825E9">
    <skipped/>
  </testcase> <!-- @AfterMethod closeBrowser -->
  <testcase classname="genrericUtilty.BaseClss" name="@BeforeMethod configBrowser" time="-1.657799584831E9">
    <skipped/>
  </testcase> <!-- @BeforeMethod configBrowser -->
  <testcase classname="genrericUtilty.BaseClss" name="@AfterMethod closeBrowser" time="-1.657799584845E9">
    <skipped/>
  </testcase> <!-- @AfterMethod closeBrowser -->
  <testcase classname="genrericUtilty.BaseClss" name="@BeforeMethod configBrowser" time="-1.65779958485E9">
    <skipped/>
  </testcase> <!-- @BeforeMethod configBrowser -->
  <testcase classname="genrericUtilty.BaseClss" name="@AfterMethod closeBrowser" time="-1.65779958489E9">
    <skipped/>
  </testcase> <!-- @AfterMethod closeBrowser -->
  <testcase classname="genrericUtilty.BaseClss" name="@BeforeMethod configBrowser" time="-1.657799584901E9">
    <skipped/>
  </testcase> <!-- @BeforeMethod configBrowser -->
  <testcase classname="genrericUtilty.BaseClss" name="@AfterMethod closeBrowser" time="-1.657799584921E9">
    <skipped/>
  </testcase> <!-- @AfterMethod closeBrowser -->
  <testcase classname="genrericUtilty.BaseClss" name="@BeforeMethod configBrowser" time="-1.657799584927E9">
    <skipped/>
  </testcase> <!-- @BeforeMethod configBrowser -->
  <testcase classname="genrericUtilty.BaseClss" name="@AfterMethod closeBrowser" time="-1.657799584957E9">
    <skipped/>
  </testcase> <!-- @AfterMethod closeBrowser -->
  <testcase classname="genrericUtilty.BaseClss" name="@BeforeMethod configBrowser" time="-1.657799584968E9">
    <skipped/>
  </testcase> <!-- @BeforeMethod configBrowser -->
  <testcase classname="genrericUtilty.BaseClss" name="@AfterMethod closeBrowser" time="-1.657799584998E9">
    <skipped/>
  </testcase> <!-- @AfterMethod closeBrowser -->
  <testcase classname="genrericUtilty.BaseClss" name="@BeforeMethod configBrowser" time="-1.65779958501E9">
    <skipped/>
  </testcase> <!-- @BeforeMethod configBrowser -->
  <testcase classname="genrericUtilty.BaseClss" name="@AfterMethod closeBrowser" time="-1.65779958504E9">
    <skipped/>
  </testcase> <!-- @AfterMethod closeBrowser -->
  <testcase classname="genrericUtilty.BaseClss" name="@BeforeMethod configBrowser" time="-1.657799585047E9">
    <skipped/>
  </testcase> <!-- @BeforeMethod configBrowser -->
  <testcase classname="genrericUtilty.BaseClss" name="@AfterMethod closeBrowser" time="-1.657799585099E9">
    <skipped/>
  </testcase> <!-- @AfterMethod closeBrowser -->
  <testcase classname="genrericUtilty.BaseClss" name="@BeforeMethod configBrowser" time="-1.657799585107E9">
    <skipped/>
  </testcase> <!-- @BeforeMethod configBrowser -->
  <testcase classname="genrericUtilty.BaseClss" name="@AfterMethod closeBrowser" time="-1.65779958512E9">
    <skipped/>
  </testcase> <!-- @AfterMethod closeBrowser -->
  <testcase classname="genrericUtilty.BaseClss" name="@BeforeMethod configBrowser" time="-1.657799585123E9">
    <skipped/>
  </testcase> <!-- @BeforeMethod configBrowser -->
  <testcase classname="genrericUtilty.BaseClss" name="@AfterMethod closeBrowser" time="-1.657799585187E9">
    <skipped/>
  </testcase> <!-- @AfterMethod closeBrowser -->
  <testcase classname="genrericUtilty.BaseClss" name="@BeforeMethod configBrowser" time="-1.657799585192E9">
    <skipped/>
  </testcase> <!-- @BeforeMethod configBrowser -->
  <testcase classname="genrericUtilty.BaseClss" name="@AfterMethod closeBrowser" time="-1.657799585228E9">
    <skipped/>
  </testcase> <!-- @AfterMethod closeBrowser -->
  <testcase classname="genrericUtilty.BaseClss" name="@BeforeMethod configBrowser" time="-1.657799585237E9">
    <skipped/>
  </testcase> <!-- @BeforeMethod configBrowser -->
  <testcase classname="genrericUtilty.BaseClss" name="@AfterMethod closeBrowser" time="-1.657799585273E9">
    <skipped/>
  </testcase> <!-- @AfterMethod closeBrowser -->
  <testcase classname="genrericUtilty.BaseClss" name="@BeforeMethod configBrowser" time="-1.657799585277E9">
    <skipped/>
  </testcase> <!-- @BeforeMethod configBrowser -->
  <testcase classname="genrericUtilty.BaseClss" name="@AfterMethod closeBrowser" time="-1.657799585294E9">
    <skipped/>
  </testcase> <!-- @AfterMethod closeBrowser -->
  <testcase classname="genrericUtilty.BaseClss" name="@BeforeMethod configBrowser" time="-1.657799585312E9">
    <skipped/>
  </testcase> <!-- @BeforeMethod configBrowser -->
  <testcase classname="genrericUtilty.BaseClss" name="@AfterMethod closeBrowser" time="-1.657799585328E9">
    <skipped/>
  </testcase> <!-- @AfterMethod closeBrowser -->
  <testcase classname="genrericUtilty.BaseClss" name="@BeforeMethod configBrowser" time="-1.657799585336E9">
    <skipped/>
  </testcase> <!-- @BeforeMethod configBrowser -->
  <testcase classname="genrericUtilty.BaseClss" name="@AfterMethod closeBrowser" time="-1.657799585392E9">
    <skipped/>
  </testcase> <!-- @AfterMethod closeBrowser -->
  <testcase classname="genrericUtilty.BaseClss" name="@BeforeMethod configBrowser" time="-1.657799585396E9">
    <skipped/>
  </testcase> <!-- @BeforeMethod configBrowser -->
  <testcase classname="genrericUtilty.BaseClss" name="@AfterMethod closeBrowser" time="-1.657799585421E9">
    <skipped/>
  </testcase> <!-- @AfterMethod closeBrowser -->
  <testcase classname="genrericUtilty.BaseClss" name="@BeforeMethod configBrowser" time="-1.65779958543E9">
    <skipped/>
  </testcase> <!-- @BeforeMethod configBrowser -->
  <testcase classname="genrericUtilty.BaseClss" name="@AfterMethod closeBrowser" time="-1.657799585441E9">
    <skipped/>
  </testcase> <!-- @AfterMethod closeBrowser -->
  <testcase classname="genrericUtilty.BaseClss" name="@BeforeMethod configBrowser" time="-1.657799585442E9">
    <skipped/>
  </testcase> <!-- @BeforeMethod configBrowser -->
  <testcase classname="genrericUtilty.BaseClss" name="@AfterMethod closeBrowser" time="-1.657799585495E9">
    <skipped/>
  </testcase> <!-- @AfterMethod closeBrowser -->
  <testcase classname="genrericUtilty.BaseClss" name="@BeforeMethod configBrowser" time="-1.657799585509E9">
    <skipped/>
  </testcase> <!-- @BeforeMethod configBrowser -->
  <testcase classname="genrericUtilty.BaseClss" name="@AfterMethod closeBrowser" time="-1.657799585522E9">
    <skipped/>
  </testcase> <!-- @AfterMethod closeBrowser -->
  <testcase classname="genrericUtilty.BaseClss" name="@BeforeMethod configBrowser" time="-1.657799585524E9">
    <skipped/>
  </testcase> <!-- @BeforeMethod configBrowser -->
  <testcase classname="genrericUtilty.BaseClss" name="@AfterMethod closeBrowser" time="-1.657799585531E9">
    <skipped/>
  </testcase> <!-- @AfterMethod closeBrowser -->
  <testcase classname="genrericUtilty.BaseClss" name="@BeforeMethod configBrowser" time="-1.657799585532E9">
    <skipped/>
  </testcase> <!-- @BeforeMethod configBrowser -->
  <testcase classname="genrericUtilty.BaseClss" name="@AfterMethod closeBrowser" time="-1.657799585541E9">
    <skipped/>
  </testcase> <!-- @AfterMethod closeBrowser -->
  <testcase classname="genrericUtilty.BaseClss" name="@BeforeMethod configBrowser" time="-1.657799585542E9">
    <skipped/>
  </testcase> <!-- @BeforeMethod configBrowser -->
  <testcase classname="genrericUtilty.BaseClss" name="@AfterMethod closeBrowser" time="-1.657799585547E9">
    <skipped/>
  </testcase> <!-- @AfterMethod closeBrowser -->
  <testcase classname="genrericUtilty.BaseClss" name="@BeforeMethod configBrowser" time="-1.657799585548E9">
    <skipped/>
  </testcase> <!-- @BeforeMethod configBrowser -->
  <testcase classname="genrericUtilty.BaseClss" name="@AfterMethod closeBrowser" time="-1.657799585554E9">
    <skipped/>
  </testcase> <!-- @AfterMethod closeBrowser -->
  <testcase classname="genrericUtilty.BaseClss" name="@BeforeMethod configBrowser" time="-1.657799585555E9">
    <skipped/>
  </testcase> <!-- @BeforeMethod configBrowser -->
  <testcase classname="genrericUtilty.BaseClss" name="@AfterMethod closeBrowser" time="-1.657799585564E9">
    <skipped/>
  </testcase> <!-- @AfterMethod closeBrowser -->
  <testcase classname="assignemnt.SearchPage_test" name="enterAlphaNumericTest" time="7.76"/>
  <testcase classname="assignemnt.SearchPage_test" name="enterNumericValueTest" time="1.408">
    <failure type="java.lang.AssertionError">
      <![CDATA[java.lang.AssertionError: 
at assignemnt.SearchPage_test.enterNumericValueTest(SearchPage_test.java:81)
at java.base/java.util.ArrayList.forEach(ArrayList.java:1511)
... Removed 30 stack frames]]>
    </failure>
  </testcase> <!-- enterNumericValueTest -->
  <testcase classname="assignemnt.SearchPage_test" name="enterTextAlphabateTest" time="1.575"/>
  <testcase classname="assignemnt.SearchPage_test" name="enterUpperAndLowerLetterTest" time="0.0">
    <skipped/>
  </testcase> <!-- enterUpperAndLowerLetterTest -->
  <testcase classname="assignemnt.SearchPage_test" name="verifyAbleToSearchByEnterButtonTest" time="0.0">
    <skipped/>
  </testcase> <!-- verifyAbleToSearchByEnterButtonTest -->
  <testcase classname="assignemnt.SearchPage_test" name="verifyAbleToSearchBySearchButtonTest" time="0.0">
    <skipped/>
  </testcase> <!-- verifyAbleToSearchBySearchButtonTest -->
  <testcase classname="assignemnt.SearchPage_test" name="verifyClearAllOptionTest" time="0.0">
    <skipped/>
  </testcase> <!-- verifyClearAllOptionTest -->
  <testcase classname="assignemnt.SearchPage_test" name="verifyClearButtonTest" time="0.0">
    <skipped/>
  </testcase> <!-- verifyClearButtonTest -->
  <testcase classname="assignemnt.SearchPage_test" name="verifyClearOPtionIsAvailableOrNotTest" time="0.0">
    <skipped/>
  </testcase> <!-- verifyClearOPtionIsAvailableOrNotTest -->
  <testcase classname="assignemnt.SearchPage_test" name="verifyClearOptionTest" time="0.0">
    <skipped/>
  </testcase> <!-- verifyClearOptionTest -->
  <testcase classname="assignemnt.SearchPage_test" name="verifyCutAndCopyTestTest" time="0.0">
    <skipped/>
  </testcase> <!-- verifyCutAndCopyTestTest -->
  <testcase classname="assignemnt.SearchPage_test" name="verifyGridFormatTest" time="0.0">
    <skipped/>
  </testcase> <!-- verifyGridFormatTest -->
  <testcase classname="assignemnt.SearchPage_test" name="verifyMouseHourOnClearButtonTest" time="0.0">
    <skipped/>
  </testcase> <!-- verifyMouseHourOnClearButtonTest -->
  <testcase classname="assignemnt.SearchPage_test" name="verifyMouseHourOnSearchFieldTest" time="0.0">
    <skipped/>
  </testcase> <!-- verifyMouseHourOnSearchFieldTest -->
  <testcase classname="assignemnt.SearchPage_test" name="verifyMouseHourOnSearchIconTest" time="0.0">
    <skipped/>
  </testcase> <!-- verifyMouseHourOnSearchIconTest -->
  <testcase classname="assignemnt.SearchPage_test" name="verifyMouseHouseOnSearchIconTest" time="0.001">
    <skipped/>
  </testcase> <!-- verifyMouseHouseOnSearchIconTest -->
  <testcase classname="assignemnt.SearchPage_test" name="verifyPriceTest" time="0.0">
    <skipped/>
  </testcase> <!-- verifyPriceTest -->
  <testcase classname="assignemnt.SearchPage_test" name="verifyProductCounTest" time="0.0">
    <skipped/>
  </testcase> <!-- verifyProductCounTest -->
  <testcase classname="assignemnt.SearchPage_test" name="verifySearchAfterChoosingAnotherProductTest" time="0.0">
    <skipped/>
  </testcase> <!-- verifySearchAfterChoosingAnotherProductTest -->
  <testcase classname="assignemnt.SearchPage_test" name="verifySearchAlongWithColorTest" time="0.0">
    <skipped/>
  </testcase> <!-- verifySearchAlongWithColorTest -->
  <testcase classname="assignemnt.SearchPage_test" name="verifySearchAlongWithSizeTest" time="0.0">
    <skipped/>
  </testcase> <!-- verifySearchAlongWithSizeTest -->
  <testcase classname="assignemnt.SearchPage_test" name="verifySearchByLengthMultipleTimesTest" time="0.0">
    <skipped/>
  </testcase> <!-- verifySearchByLengthMultipleTimesTest -->
  <testcase classname="assignemnt.SearchPage_test" name="verifySearchByLengthTest" time="0.0">
    <skipped/>
  </testcase> <!-- verifySearchByLengthTest -->
  <testcase classname="assignemnt.SearchPage_test" name="verifySearchByMultiOccasionTest" time="0.0">
    <skipped/>
  </testcase> <!-- verifySearchByMultiOccasionTest -->
  <testcase classname="assignemnt.SearchPage_test" name="verifySearchByOccasionTest" time="0.0">
    <skipped/>
  </testcase> <!-- verifySearchByOccasionTest -->
  <testcase classname="assignemnt.SearchPage_test" name="verifySearchByProductMaterialTest" time="0.0">
    <skipped/>
  </testcase> <!-- verifySearchByProductMaterialTest -->
  <testcase classname="assignemnt.SearchPage_test" name="verifySearchFieldTest" time="0.0">
    <skipped/>
  </testcase> <!-- verifySearchFieldTest -->
  <testcase classname="assignemnt.SearchPage_test" name="verifySearchSuggestionDisplayTest" time="0.0">
    <skipped/>
  </testcase> <!-- verifySearchSuggestionDisplayTest -->
  <testcase classname="assignemnt.SearchPage_test" name="verifySearchSuggestionTest" time="0.0">
    <skipped/>
  </testcase> <!-- verifySearchSuggestionTest -->
  <testcase classname="assignemnt.SearchPage_test" name="verifySearchSuggestionWithMispelledTest" time="0.0">
    <skipped/>
  </testcase> <!-- verifySearchSuggestionWithMispelledTest -->
  <testcase classname="assignemnt.SearchPage_test" name="verifySearchTextAfterSearchTest" time="0.0">
    <skipped/>
  </testcase> <!-- verifySearchTextAfterSearchTest -->
  <testcase classname="assignemnt.SearchPage_test" name="verifySearchTextFieldTest" time="0.0">
    <skipped/>
  </testcase> <!-- verifySearchTextFieldTest -->
  <testcase classname="assignemnt.SearchPage_test" name="verifySearchWithCatogaryNameTest" time="0.0">
    <skipped/>
  </testcase> <!-- verifySearchWithCatogaryNameTest -->
  <testcase classname="assignemnt.SearchPage_test" name="verifySearchWithDefaultSortByTest" time="0.0">
    <skipped/>
  </testcase> <!-- verifySearchWithDefaultSortByTest -->
  <testcase classname="assignemnt.SearchPage_test" name="verifySearchWithFitTypeTest" time="0.0">
    <skipped/>
  </testcase> <!-- verifySearchWithFitTypeTest -->
  <testcase classname="assignemnt.SearchPage_test" name="verifySearchWithMultipleBrandTest" time="0.0">
    <skipped/>
  </testcase> <!-- verifySearchWithMultipleBrandTest -->
  <testcase classname="assignemnt.SearchPage_test" name="verifySearchWithMultipleBrandsTest" time="0.0">
    <skipped/>
  </testcase> <!-- verifySearchWithMultipleBrandsTest -->
  <testcase classname="assignemnt.SearchPage_test" name="verifySearchWithMultipleCharacterTest" time="0.0">
    <skipped/>
  </testcase> <!-- verifySearchWithMultipleCharacterTest -->
  <testcase classname="assignemnt.SearchPage_test" name="verifySearchWithProductTypeTest" time="0.0">
    <skipped/>
  </testcase> <!-- verifySearchWithProductTypeTest -->
  <testcase classname="assignemnt.SearchPage_test" name="verifySearchWithRelatedBrandTest" time="0.0">
    <skipped/>
  </testcase> <!-- verifySearchWithRelatedBrandTest -->
  <testcase classname="assignemnt.SearchPage_test" name="verifySearchWithSingleCharacterTest" time="0.0">
    <skipped/>
  </testcase> <!-- verifySearchWithSingleCharacterTest -->
  <testcase classname="assignemnt.SearchPage_test" name="verifySearchfieldAfterClickOnClearButtonTest" time="0.0">
    <skipped/>
  </testcase> <!-- verifySearchfieldAfterClickOnClearButtonTest -->
  <testcase classname="assignemnt.SearchPage_test" name="verifyTradingSuggestionTest" time="0.0">
    <skipped/>
  </testcase> <!-- verifyTradingSuggestionTest -->
  <testcase classname="assignemnt.SearchPage_test" name="verifyUserAbletoEnterInSearchFieldTest" time="0.0">
    <skipped/>
  </testcase> <!-- verifyUserAbletoEnterInSearchFieldTest -->
</testsuite> <!-- Test -->
